<?xml version="1.0" encoding="UTF-8"?>
<!-- Generated by org.testng.reporters.JUnitReportReporter -->
<testsuite skipped="0" hostname="LAPTOP-J9CV2VD6" name="LoginScenarios.Login" tests="4" failures="0" timestamp="2023-02-19T08:31:04 IST" time="30.259" errors="0">
  <testcase name="loginWithCorrectUsernamePwd" time="8.615" classname="LoginScenarios.Login"/>
  <system-out/>
  <testcase name="loginWithCorrectUsernamePwd" time="8.301" classname="LoginScenarios.Login"/>
  <system-out/>
  <testcase name="loginWithCorrectUsernamePwd" time="6.883" classname="LoginScenarios.Login"/>
  <system-out/>
  <testcase name="loginWithCorrectUsernamePwd" time="6.460" classname="LoginScenarios.Login"/>
  <system-out/>
</testsuite> <!-- LoginScenarios.Login -->
