<?xml version="1.0" encoding="UTF-8"?>
<!-- Generated by org.testng.reporters.JUnitReportReporter -->
<testsuite skipped="0" hostname="LAPTOP-J9CV2VD6" name="LoginScenarios.BothCorrect" tests="1" failures="0" timestamp="2023-02-16T17:31:19 IST" time="34.819" errors="0">
  <testcase name="loginWithCorrectUsernamePwd" time="34.819" classname="LoginScenarios.BothCorrect"/>
  <system-out/>
</testsuite> <!-- LoginScenarios.BothCorrect -->
